[25/11/17 22:16:41]Start version=v1.25
[25/11/17 22:16:41][DEBUG]init
[25/11/17 22:16:59][DEBUG]OKClick
[25/11/17 22:17:01][DEBUG]URL:https://www.berluti.com/ja-jp/cyrus-omankafurezasurippa/S3786-C6.html?dwvar_S3786-C6_color=M26&to=1#prefn1=product_online_sales&prefv1=true&viewtype=grid-view-small&sz=12&to=1&start=1
[25/11/17 22:17:01][DEBUG]URL:https://www.berluti.com/ja-jp/sairasu-sukurittoreza-surippa/S3786-V2.html?dwvar_S3786-V2_color=KD4&to=2#prefn1=product_online_sales&prefv1=true&viewtype=grid-view-small&sz=12&to=2&start=1
[25/11/17 22:17:01][DEBUG]URL:https://www.berluti.com/ja-jp/shadou-rezasandaru/S6259-BB0.html?dwvar_S6259-BB0_color=KH3&to=3#prefn1=product_online_sales&prefv1=true&viewtype=grid-view-small&sz=12&to=3&start=1
[25/11/17 22:17:01][DEBUG]URL:https://www.berluti.com/ja-jp/shifunosu-sukuritto-rezasandaru/S5438-V33.html?dwvar_S5438-V33_color=ML6&to=4#prefn1=product_online_sales&prefv1=true&viewtype=grid-view-small&sz=12&to=4&start=1
[25/11/17 22:17:01][DEBUG]URL:https://www.berluti.com/ja-jp/shifunosu-sukuritto-rezasandaru/S5438-V33.html?dwvar_S5438-V33_color=KH1&to=5#prefn1=product_online_sales&prefv1=true&viewtype=grid-view-small&sz=12&to=5&start=1
[25/11/17 22:17:01][DEBUG]URL:https://www.berluti.com/ja-jp/shifunosu-sukurittoreza-sandaru/S5439-BB6.html?dwvar_S5439-BB6_color=G58&to=6#prefn1=product_online_sales&prefv1=true&viewtype=grid-view-small&sz=12&to=6&start=1
[25/11/17 22:17:01][DEBUG]URL:https://www.berluti.com/ja-jp/shifunosu-sukuritto-rezasandaru-bureidoditeru/S5439-V33.html?dwvar_S5439-V33_color=ML6&to=7#prefn1=product_online_sales&prefv1=true&viewtype=grid-view-small&sz=12&to=7&start=1
[25/11/17 22:17:01][DEBUG]URL:https://www.berluti.com/ja-jp/shadou-rezasandaru/S6261-V2.html?dwvar_S6261-V2_color=ML6&to=8#prefn1=product_online_sales&prefv1=true&viewtype=grid-view-small&sz=12&to=8&start=1
[25/11/17 22:17:01][DEBUG]URL:https://www.berluti.com/ja-jp/to-ujuru-sofuto-jippubaggu-reza-toraberubaggu/ZIPPED_BAG-V81.html?dwvar_ZIPPED__BAG-V81_color=MM5&to=1#viewtype=grid-view-small&sz=192&to=1&start=1
[25/11/17 22:17:01][DEBUG]URL:None
[25/11/17 22:17:03][DEBUG]scraper constructed 1
[25/11/17 22:17:03][DEBUG]scrape BERLUTI start
[25/11/17 22:17:06][DEBUG]open done OK
[25/11/17 22:17:06][DEBUG]https://www.berluti.com/ja-jp/cyrus-omankafurezasurippa/S3786-C6.html?dwvar_S3786-C6_color=M26&to=1#prefn1=product_online_sales&prefv1=true&viewtype=grid-view-small&sz=12&to=1&start=1 224400
[25/11/17 22:17:14][DEBUG]scrape BERLUTI start
[25/11/17 22:17:15][DEBUG]open done OK
[25/11/17 22:17:19][DEBUG]https://www.berluti.com/ja-jp/sairasu-sukurittoreza-surippa/S3786-V2.html?dwvar_S3786-V2_color=KD4&to=2#prefn1=product_online_sales&prefv1=true&viewtype=grid-view-small&sz=12&to=2&start=1 NOTFOUND
[25/11/17 22:17:22][DEBUG]scrape BERLUTI start
[25/11/17 22:17:23][DEBUG]open done OK
[25/11/17 22:17:27][DEBUG]https://www.berluti.com/ja-jp/shadou-rezasandaru/S6259-BB0.html?dwvar_S6259-BB0_color=KH3&to=3#prefn1=product_online_sales&prefv1=true&viewtype=grid-view-small&sz=12&to=3&start=1 NOTFOUND
[25/11/17 22:17:29][DEBUG]scrape BERLUTI start
[25/11/17 22:17:31][DEBUG]open done OK
[25/11/17 22:17:33][DEBUG]https://www.berluti.com/ja-jp/shifunosu-sukuritto-rezasandaru/S5438-V33.html?dwvar_S5438-V33_color=ML6&to=4#prefn1=product_online_sales&prefv1=true&viewtype=grid-view-small&sz=12&to=4&start=1 149600
[25/11/17 22:17:37][DEBUG]scrape BERLUTI start
[25/11/17 22:17:39][DEBUG]open done OK
[25/11/17 22:17:41][DEBUG]https://www.berluti.com/ja-jp/shifunosu-sukuritto-rezasandaru/S5438-V33.html?dwvar_S5438-V33_color=KH1&to=5#prefn1=product_online_sales&prefv1=true&viewtype=grid-view-small&sz=12&to=5&start=1 149600
[25/11/17 22:17:44][DEBUG]scrape BERLUTI start
[25/11/17 22:17:46][DEBUG]open done OK
[25/11/17 22:17:50][DEBUG]https://www.berluti.com/ja-jp/shifunosu-sukurittoreza-sandaru/S5439-BB6.html?dwvar_S5439-BB6_color=G58&to=6#prefn1=product_online_sales&prefv1=true&viewtype=grid-view-small&sz=12&to=6&start=1 NOTFOUND
[25/11/17 22:17:52][DEBUG]scrape BERLUTI start
[25/11/17 22:17:54][DEBUG]open done OK
[25/11/17 22:17:58][DEBUG]https://www.berluti.com/ja-jp/shifunosu-sukuritto-rezasandaru-bureidoditeru/S5439-V33.html?dwvar_S5439-V33_color=ML6&to=7#prefn1=product_online_sales&prefv1=true&viewtype=grid-view-small&sz=12&to=7&start=1 NOTFOUND
[25/11/17 22:18:00][DEBUG]scrape BERLUTI start
[25/11/17 22:18:02][DEBUG]open done OK
[25/11/17 22:18:04][DEBUG]https://www.berluti.com/ja-jp/shadou-rezasandaru/S6261-V2.html?dwvar_S6261-V2_color=ML6&to=8#prefn1=product_online_sales&prefv1=true&viewtype=grid-view-small&sz=12&to=8&start=1 171600
[25/11/17 22:18:07][DEBUG]scrape BERLUTI start
[25/11/17 22:18:10][DEBUG]open done OK
[25/11/17 22:18:12][DEBUG]https://www.berluti.com/ja-jp/to-ujuru-sofuto-jippubaggu-reza-toraberubaggu/ZIPPED_BAG-V81.html?dwvar_ZIPPED__BAG-V81_color=MM5&to=1#viewtype=grid-view-small&sz=192&to=1&start=1 715000
[25/11/17 22:18:26][DEBUG]exit
