[25/11/17 15:46:04]Start version=v1.25
[25/11/17 15:46:04][DEBUG]init
[25/11/17 15:46:14][DEBUG]OKClick
[25/11/17 15:46:14][DEBUG]URL:https://www.berluti.com/ja-jp/cyrus-omankafurezasurippa/S3786-C6.html?dwvar_S3786-C6_color=M26&to=1#prefn1=product_online_sales&prefv1=true&viewtype=grid-view-small&sz=12&to=1&start=1
[25/11/17 15:46:14][DEBUG]URL:https://www.berluti.com/ja-jp/sairasu-sukurittoreza-surippa/S3786-V2.html?dwvar_S3786-V2_color=KD4&to=2#prefn1=product_online_sales&prefv1=true&viewtype=grid-view-small&sz=12&to=2&start=1
[25/11/17 15:46:14][DEBUG]URL:https://www.berluti.com/ja-jp/shadou-rezasandaru/S6259-BB0.html?dwvar_S6259-BB0_color=KH3&to=3#prefn1=product_online_sales&prefv1=true&viewtype=grid-view-small&sz=12&to=3&start=1
[25/11/17 15:46:14][DEBUG]URL:https://www.berluti.com/ja-jp/shifunosu-sukuritto-rezasandaru/S5438-V33.html?dwvar_S5438-V33_color=ML6&to=4#prefn1=product_online_sales&prefv1=true&viewtype=grid-view-small&sz=12&to=4&start=1
[25/11/17 15:46:14][DEBUG]URL:https://www.berluti.com/ja-jp/shifunosu-sukuritto-rezasandaru/S5438-V33.html?dwvar_S5438-V33_color=KH1&to=5#prefn1=product_online_sales&prefv1=true&viewtype=grid-view-small&sz=12&to=5&start=1
[25/11/17 15:46:14][DEBUG]URL:https://www.berluti.com/ja-jp/shifunosu-sukurittoreza-sandaru/S5439-BB6.html?dwvar_S5439-BB6_color=G58&to=6#prefn1=product_online_sales&prefv1=true&viewtype=grid-view-small&sz=12&to=6&start=1
[25/11/17 15:46:14][DEBUG]URL:https://www.berluti.com/ja-jp/shifunosu-sukuritto-rezasandaru-bureidoditeru/S5439-V33.html?dwvar_S5439-V33_color=ML6&to=7#prefn1=product_online_sales&prefv1=true&viewtype=grid-view-small&sz=12&to=7&start=1
[25/11/17 15:46:14][DEBUG]URL:https://www.berluti.com/ja-jp/shadou-rezasandaru/S6261-V2.html?dwvar_S6261-V2_color=ML6&to=8#prefn1=product_online_sales&prefv1=true&viewtype=grid-view-small&sz=12&to=8&start=1
[25/11/17 15:46:14][DEBUG]URL:https://www.berluti.com/ja-jp/to-ujuru-sofuto-jippubaggu-reza-toraberubaggu/ZIPPED_BAG-V81.html?dwvar_ZIPPED__BAG-V81_color=MM5&to=1#viewtype=grid-view-small&sz=192&to=1&start=1
[25/11/17 15:46:14][DEBUG]URL:None
[25/11/17 15:46:16][DEBUG]scraper constructed 1
[25/11/17 15:46:16][DEBUG]scrape BERLUTI start
[25/11/17 15:46:19][DEBUG]open done OK
[25/11/17 15:46:19][DEBUG]https://www.berluti.com/ja-jp/cyrus-omankafurezasurippa/S3786-C6.html?dwvar_S3786-C6_color=M26&to=1#prefn1=product_online_sales&prefv1=true&viewtype=grid-view-small&sz=12&to=1&start=1 224400
[25/11/17 15:46:27][DEBUG]scrape BERLUTI start
[25/11/17 15:46:29][DEBUG]open done OK
[25/11/17 15:46:33][DEBUG]https://www.berluti.com/ja-jp/sairasu-sukurittoreza-surippa/S3786-V2.html?dwvar_S3786-V2_color=KD4&to=2#prefn1=product_online_sales&prefv1=true&viewtype=grid-view-small&sz=12&to=2&start=1 NOTFOUND
[25/11/17 15:46:35][DEBUG]scrape BERLUTI start
[25/11/17 15:46:38][DEBUG]open done OK
[25/11/17 15:46:42][DEBUG]https://www.berluti.com/ja-jp/shadou-rezasandaru/S6259-BB0.html?dwvar_S6259-BB0_color=KH3&to=3#prefn1=product_online_sales&prefv1=true&viewtype=grid-view-small&sz=12&to=3&start=1 NOTFOUND
[25/11/17 15:46:44][DEBUG]scrape BERLUTI start
[25/11/17 15:46:46][DEBUG]open done OK
[25/11/17 15:46:48][DEBUG]https://www.berluti.com/ja-jp/shifunosu-sukuritto-rezasandaru/S5438-V33.html?dwvar_S5438-V33_color=ML6&to=4#prefn1=product_online_sales&prefv1=true&viewtype=grid-view-small&sz=12&to=4&start=1 149600
[25/11/17 15:46:52][DEBUG]scrape BERLUTI start
[25/11/17 15:46:54][DEBUG]open done OK
[25/11/17 15:46:56][DEBUG]https://www.berluti.com/ja-jp/shifunosu-sukuritto-rezasandaru/S5438-V33.html?dwvar_S5438-V33_color=KH1&to=5#prefn1=product_online_sales&prefv1=true&viewtype=grid-view-small&sz=12&to=5&start=1 149600
[25/11/17 15:47:00][DEBUG]scrape BERLUTI start
[25/11/17 15:47:01][DEBUG]open done OK
[25/11/17 15:47:05][DEBUG]https://www.berluti.com/ja-jp/shifunosu-sukurittoreza-sandaru/S5439-BB6.html?dwvar_S5439-BB6_color=G58&to=6#prefn1=product_online_sales&prefv1=true&viewtype=grid-view-small&sz=12&to=6&start=1 NOTFOUND
[25/11/17 15:47:08][DEBUG]scrape BERLUTI start
[25/11/17 15:47:10][DEBUG]open done OK
[25/11/17 15:47:15][DEBUG]https://www.berluti.com/ja-jp/shifunosu-sukuritto-rezasandaru-bureidoditeru/S5439-V33.html?dwvar_S5439-V33_color=ML6&to=7#prefn1=product_online_sales&prefv1=true&viewtype=grid-view-small&sz=12&to=7&start=1 NOTFOUND
[25/11/17 15:47:17][DEBUG]scrape BERLUTI start
[25/11/17 15:47:20][DEBUG]open done OK
[25/11/17 15:47:22][DEBUG]https://www.berluti.com/ja-jp/shadou-rezasandaru/S6261-V2.html?dwvar_S6261-V2_color=ML6&to=8#prefn1=product_online_sales&prefv1=true&viewtype=grid-view-small&sz=12&to=8&start=1 171600
[25/11/17 15:47:25][DEBUG]scrape BERLUTI start
[25/11/17 15:47:28][DEBUG]open done OK
[25/11/17 15:47:30][DEBUG]https://www.berluti.com/ja-jp/to-ujuru-sofuto-jippubaggu-reza-toraberubaggu/ZIPPED_BAG-V81.html?dwvar_ZIPPED__BAG-V81_color=MM5&to=1#viewtype=grid-view-small&sz=192&to=1&start=1 715000
[25/11/17 15:47:49][DEBUG]exit
